#
# There is insufficient memory for the Java Runtime Environment to continue.
# Native memory allocation (malloc) failed to allocate 2946576 bytes for Chunk::new
# Possible reasons:
#   The system is out of physical RAM or swap space
#   The process is running with CompressedOops enabled, and the Java Heap may be blocking the growth of the native heap
# Possible solutions:
#   Reduce memory load on the system
#   Increase physical memory or swap space
#   Check if swap backing store is full
#   Decrease Java heap size (-Xmx/-Xms)
#   Decrease number of Java threads
#   Decrease Java thread stack sizes (-Xss)
#   Set larger code cache with -XX:ReservedCodeCacheSize=
#   JVM is running with Unscaled Compressed Oops mode in which the Java heap is
#     placed in the first 4GB address space. The Java Heap base address is the
#     maximum limit for the native heap growth. Please use -XX:HeapBaseMinAddress
#     to set the Java Heap base and to place the Java Heap above 4GB virtual address.
# This output file may be truncated or incomplete.
#
#  Out of Memory Error (arena.cpp:191), pid=16328, tid=21556
#
# JRE version: OpenJDK Runtime Environment Temurin-17.0.10+7 (17.0.10+7) (build 17.0.10+7)
# Java VM: OpenJDK 64-Bit Server VM Temurin-17.0.10+7 (17.0.10+7, mixed mode, tiered, compressed oops, compressed class ptrs, parallel gc, windows-amd64)
# No core dump will be written. Minidumps are not enabled by default on client versions of Windows
#

---------------  S U M M A R Y ------------

Command Line: --add-modules=ALL-SYSTEM --add-opens=java.base/java.util=ALL-UNNAMED --add-opens=java.base/java.lang=ALL-UNNAMED --add-opens=java.base/sun.nio.fs=ALL-UNNAMED -Declipse.application=org.eclipse.jdt.ls.core.id1 -Dosgi.bundles.defaultStartLevel=4 -Declipse.product=org.eclipse.jdt.ls.core.product -Djava.import.generatesMetadataFilesAtProjectRoot=false -DDetectVMInstallationsJob.disabled=true -Dfile.encoding=utf8 -XX:+UseParallelGC -XX:GCTimeRatio=4 -XX:AdaptiveSizePolicyWeight=90 -Dsun.zip.disableMemoryMapping=true -Xmx1G -Xms100m -Xlog:disable -javaagent:c:\Users\Chien Starry\.vscode\extensions\redhat.java-1.30.0-win32-x64\lombok\lombok-1.18.32.jar -XX:+HeapDumpOnOutOfMemoryError -XX:HeapDumpPath=c:\Users\Chien Starry\AppData\Roaming\Code\User\workspaceStorage\3d68cbe6e503cbc2e75f6783021575da\redhat.java -Daether.dependencyCollector.impl=bf c:\Users\Chien Starry\.vscode\extensions\redhat.java-1.30.0-win32-x64\server\plugins\org.eclipse.equinox.launcher_1.6.800.v20240330-1250.jar -configuration c:\Users\Chien Starry\AppData\Roaming\Code\User\globalStorage\redhat.java\1.30.0\config_win -data c:\Users\Chien Starry\AppData\Roaming\Code\User\workspaceStorage\3d68cbe6e503cbc2e75f6783021575da\redhat.java\jdt_ws --pipe=\\.\pipe\lsp-61c894128372a9bd752d6470d6c8c760-sock

Host: Intel(R) Core(TM) i5-8265U CPU @ 1.60GHz, 8 cores, 3G,  Windows 11 , 64 bit Build 22621 (10.0.22621.3527)
Time: Fri May 24 17:26:13 2024  Windows 11 , 64 bit Build 22621 (10.0.22621.3527) elapsed time: 101.447745 seconds (0d 0h 1m 41s)

---------------  T H R E A D  ---------------

Current thread (0x0000026f7d0ba020):  JavaThread "C2 CompilerThread0" daemon [_thread_in_native, id=21556, stack(0x000000eabe500000,0x000000eabe600000)]


Current CompileTask:
C2: 101447 10473       4       org.eclipse.jdt.internal.compiler.lookup.BinaryTypeBinding::createMethod (1724 bytes)

Stack: [0x000000eabe500000,0x000000eabe600000]
Native frames: (J=compiled Java code, j=interpreted, Vv=VM code, C=native code)
V  [jvm.dll+0x67d2c9]
V  [jvm.dll+0x834afa]
V  [jvm.dll+0x8365be]
V  [jvm.dll+0x836c23]
V  [jvm.dll+0x2477ff]
V  [jvm.dll+0xac514]
V  [jvm.dll+0xacb5c]
V  [jvm.dll+0x366782]
V  [jvm.dll+0x1bcf72]
V  [jvm.dll+0x21a049]
V  [jvm.dll+0x219311]
V  [jvm.dll+0x1a502d]
V  [jvm.dll+0x2290de]
V  [jvm.dll+0x2272ac]
V  [jvm.dll+0x7e9bb7]
V  [jvm.dll+0x7e3fba]
V  [jvm.dll+0x67c1b5]
C  [ucrtbase.dll+0x29333]
C  [KERNEL32.DLL+0x1257d]
C  [ntdll.dll+0x5aa48]


---------------  P R O C E S S  ---------------

Threads class SMR info:
_java_thread_list=0x0000026f01392940, length=45, elements={
0x0000026f6425c010, 0x0000026f7d077380, 0x0000026f7d078110, 0x0000026f7d0b4010,
0x0000026f7d0b4b40, 0x0000026f7d0b58d0, 0x0000026f7d0b9420, 0x0000026f7d0ba020,
0x0000026f7d1242b0, 0x0000026f780be900, 0x0000026f7d1befc0, 0x0000026f7d2f1b50,
0x0000026f7e6d49c0, 0x0000026f7eaa0650, 0x0000026f7e9afc60, 0x0000026f7e7876a0,
0x0000026f7e787bb0, 0x0000026f7e78a430, 0x0000026f7e789500, 0x0000026f7e789a10,
0x0000026f7e789f20, 0x0000026f7e7880c0, 0x0000026f7e7885d0, 0x0000026f7e788ff0,
0x0000026f00dbb300, 0x0000026f00dbbd20, 0x0000026f00db94a0, 0x0000026f00db8f90,
0x0000026f00db99b0, 0x0000026f00dbc230, 0x0000026f00dba3d0, 0x0000026f00dbc740,
0x0000026f00dba8e0, 0x0000026f00db9ec0, 0x0000026f00dbadf0, 0x0000026f00dbb810,
0x0000026f01374010, 0x0000026f0136dad0, 0x0000026f01372bd0, 0x0000026f0136fe40,
0x0000026f013735f0, 0x0000026f01ae0af0, 0x0000026f0136f420, 0x0000026f01374520,
0x0000026f0136dfe0
}

Java Threads: ( => current thread )
  0x0000026f6425c010 JavaThread "main" [_thread_blocked, id=6088, stack(0x000000eabdc00000,0x000000eabdd00000)]
  0x0000026f7d077380 JavaThread "Reference Handler" daemon [_thread_blocked, id=22316, stack(0x000000eabdf00000,0x000000eabe000000)]
  0x0000026f7d078110 JavaThread "Finalizer" daemon [_thread_blocked, id=3336, stack(0x000000eabe000000,0x000000eabe100000)]
  0x0000026f7d0b4010 JavaThread "Signal Dispatcher" daemon [_thread_blocked, id=11200, stack(0x000000eabe100000,0x000000eabe200000)]
  0x0000026f7d0b4b40 JavaThread "Attach Listener" daemon [_thread_blocked, id=11468, stack(0x000000eabe200000,0x000000eabe300000)]
  0x0000026f7d0b58d0 JavaThread "Service Thread" daemon [_thread_blocked, id=20408, stack(0x000000eabe300000,0x000000eabe400000)]
  0x0000026f7d0b9420 JavaThread "Monitor Deflation Thread" daemon [_thread_blocked, id=19792, stack(0x000000eabe400000,0x000000eabe500000)]
=>0x0000026f7d0ba020 JavaThread "C2 CompilerThread0" daemon [_thread_in_native, id=21556, stack(0x000000eabe500000,0x000000eabe600000)]
  0x0000026f7d1242b0 JavaThread "C1 CompilerThread0" daemon [_thread_blocked, id=24188, stack(0x000000eabe600000,0x000000eabe700000)]
  0x0000026f780be900 JavaThread "Sweeper thread" daemon [_thread_blocked, id=23624, stack(0x000000eabe700000,0x000000eabe800000)]
  0x0000026f7d1befc0 JavaThread "Common-Cleaner" daemon [_thread_blocked, id=13112, stack(0x000000eabe800000,0x000000eabe900000)]
  0x0000026f7d2f1b50 JavaThread "Notification Thread" daemon [_thread_blocked, id=11920, stack(0x000000eabe900000,0x000000eabea00000)]
  0x0000026f7e6d49c0 JavaThread "Active Thread: Equinox Container: 54a469b5-9a10-4bb0-958d-159c7fec9afd" [_thread_blocked, id=23896, stack(0x000000eabf100000,0x000000eabf200000)]
  0x0000026f7eaa0650 JavaThread "Framework Event Dispatcher: Equinox Container: 54a469b5-9a10-4bb0-958d-159c7fec9afd" daemon [_thread_blocked, id=15496, stack(0x000000eabf200000,0x000000eabf300000)]
  0x0000026f7e9afc60 JavaThread "Start Level: Equinox Container: 54a469b5-9a10-4bb0-958d-159c7fec9afd" daemon [_thread_blocked, id=21964, stack(0x000000eabf300000,0x000000eabf400000)]
  0x0000026f7e7876a0 JavaThread "Bundle File Closer" daemon [_thread_blocked, id=2728, stack(0x000000eabf500000,0x000000eabf600000)]
  0x0000026f7e787bb0 JavaThread "SCR Component Actor" daemon [_thread_blocked, id=24144, stack(0x000000eabf600000,0x000000eabf700000)]
  0x0000026f7e78a430 JavaThread "Worker-JM" [_thread_blocked, id=9048, stack(0x000000eabf800000,0x000000eabf900000)]
  0x0000026f7e789500 JavaThread "Worker-0" [_thread_blocked, id=24456, stack(0x000000eabf900000,0x000000eabfa00000)]
  0x0000026f7e789a10 JavaThread "Worker-1: Java indexing... " [_thread_blocked, id=5264, stack(0x000000eabfa00000,0x000000eabfb00000)]
  0x0000026f7e789f20 JavaThread "Worker-2: Initialize Workspace" [_thread_blocked, id=4912, stack(0x000000eabfb00000,0x000000eabfc00000)]
  0x0000026f7e7880c0 JavaThread "Worker-3" [_thread_blocked, id=23496, stack(0x000000eabfe00000,0x000000eabff00000)]
  0x0000026f7e7885d0 JavaThread "Java indexing" daemon [_thread_in_native, id=14376, stack(0x000000eabf700000,0x000000eabf800000)]
  0x0000026f7e788ff0 JavaThread "JNA Cleaner" daemon [_thread_blocked, id=21768, stack(0x000000eabfd00000,0x000000eabfe00000)]
  0x0000026f00dbb300 JavaThread "Thread-2" daemon [_thread_in_native, id=10688, stack(0x000000eabff00000,0x000000eac0000000)]
  0x0000026f00dbbd20 JavaThread "Thread-3" daemon [_thread_in_native, id=22964, stack(0x000000eac0000000,0x000000eac0100000)]
  0x0000026f00db94a0 JavaThread "Thread-4" daemon [_thread_in_native, id=19544, stack(0x000000eac0100000,0x000000eac0200000)]
  0x0000026f00db8f90 JavaThread "Thread-5" daemon [_thread_in_native, id=2232, stack(0x000000eac0200000,0x000000eac0300000)]
  0x0000026f00db99b0 JavaThread "Thread-6" daemon [_thread_in_native, id=23744, stack(0x000000eac0300000,0x000000eac0400000)]
  0x0000026f00dbc230 JavaThread "Thread-7" daemon [_thread_in_native, id=21456, stack(0x000000eac0400000,0x000000eac0500000)]
  0x0000026f00dba3d0 JavaThread "Thread-8" daemon [_thread_in_native, id=13540, stack(0x000000eac0500000,0x000000eac0600000)]
  0x0000026f00dbc740 JavaThread "Thread-9" daemon [_thread_in_native, id=4188, stack(0x000000eac0600000,0x000000eac0700000)]
  0x0000026f00dba8e0 JavaThread "Thread-10" daemon [_thread_in_native, id=22416, stack(0x000000eac0700000,0x000000eac0800000)]
  0x0000026f00db9ec0 JavaThread "pool-2-thread-1" [_thread_blocked, id=12820, stack(0x000000eac0800000,0x000000eac0900000)]
  0x0000026f00dbadf0 JavaThread "WorkspaceEventsHandler" [_thread_blocked, id=20328, stack(0x000000eac0900000,0x000000eac0a00000)]
  0x0000026f00dbb810 JavaThread "pool-1-thread-1" [_thread_blocked, id=19448, stack(0x000000eac0a00000,0x000000eac0b00000)]
  0x0000026f01374010 JavaThread "pool-3-thread-1" [_thread_in_native, id=17912, stack(0x000000eac0b00000,0x000000eac0c00000)]
  0x0000026f0136dad0 JavaThread "Worker-4" [_thread_blocked, id=22144, stack(0x000000eac0c00000,0x000000eac0d00000)]
  0x0000026f01372bd0 JavaThread "Worker-5: Initialize workspace" [_thread_blocked, id=5036, stack(0x000000eac0d00000,0x000000eac0e00000)]
  0x0000026f0136fe40 JavaThread "ForkJoinPool.commonPool-worker-1" daemon [_thread_blocked, id=20224, stack(0x000000eabd800000,0x000000eabd900000)]
  0x0000026f013735f0 JavaThread "Worker-6" [_thread_blocked, id=18420, stack(0x000000eabd900000,0x000000eabda00000)]
  0x0000026f01ae0af0 JavaThread "C2 CompilerThread1" daemon [_thread_blocked, id=16580, stack(0x000000eac1000000,0x000000eac1100000)]
  0x0000026f0136f420 JavaThread "ForkJoinPool.commonPool-worker-2" daemon [_thread_blocked, id=5192, stack(0x000000eabfc00000,0x000000eabfd00000)]
  0x0000026f01374520 JavaThread "ForkJoinPool.commonPool-worker-3" daemon [_thread_blocked, id=16508, stack(0x000000eac1100000,0x000000eac1200000)]
  0x0000026f0136dfe0 JavaThread "ForkJoinPool.commonPool-worker-4" daemon [_thread_blocked, id=22200, stack(0x000000eac1200000,0x000000eac1300000)]

Other Threads:
  0x0000026f642dece0 VMThread "VM Thread" [stack: 0x000000eabde00000,0x000000eabdf00000] [id=2380]
  0x0000026f7d2f2030 WatcherThread [stack: 0x000000eabea00000,0x000000eabeb00000] [id=9516]
  0x0000026f642696c0 GCTaskThread "GC Thread#0" [stack: 0x000000eabdd00000,0x000000eabde00000] [id=8800]
  0x0000026f7e7b4bc0 GCTaskThread "GC Thread#1" [stack: 0x000000eabeb00000,0x000000eabec00000] [id=10092]
  0x0000026f7e7b5090 GCTaskThread "GC Thread#2" [stack: 0x000000eabec00000,0x000000eabed00000] [id=15012]
  0x0000026f7e7b5350 GCTaskThread "GC Thread#3" [stack: 0x000000eabed00000,0x000000eabee00000] [id=20820]
  0x0000026f7e7b5610 GCTaskThread "GC Thread#4" [stack: 0x000000eabee00000,0x000000eabef00000] [id=23956]
  0x0000026f7e319040 GCTaskThread "GC Thread#5" [stack: 0x000000eabef00000,0x000000eabf000000] [id=17396]
  0x0000026f7e319300 GCTaskThread "GC Thread#6" [stack: 0x000000eabf000000,0x000000eabf100000] [id=19720]
  0x0000026f7e752370 GCTaskThread "GC Thread#7" [stack: 0x000000eabf400000,0x000000eabf500000] [id=22576]

Threads with active compile tasks:
C2 CompilerThread0   101563 10473       4       org.eclipse.jdt.internal.compiler.lookup.BinaryTypeBinding::createMethod (1724 bytes)

VM state: not at safepoint (normal execution)

VM Mutex/Monitor currently owned by a thread: None

Heap address: 0x00000000c0000000, size: 1024 MB, Compressed Oops mode: 32-bit

CDS archive(s) not mapped
Compressed class space mapped at: 0x0000000100000000-0x0000000140000000, reserved size: 1073741824
Narrow klass base: 0x0000000000000000, Narrow klass shift: 3, Narrow klass range: 0x140000000

GC Precious Log:
 CPUs: 8 total, 8 available
 Memory: 3947M
 Large Page Support: Disabled
 NUMA Support: Disabled
 Compressed Oops: Enabled (32-bit)
 Alignments: Space 512K, Generation 512K, Heap 2M
 Heap Min Capacity: 100M
 Heap Initial Capacity: 100M
 Heap Max Capacity: 1G
 Pre-touch: Disabled
 Parallel Workers: 8

Heap:
 PSYoungGen      total 27648K, used 22596K [0x00000000eab00000, 0x00000000eca00000, 0x0000000100000000)
  eden space 23552K, 80% used [0x00000000eab00000,0x00000000ebd70ce8,0x00000000ec200000)
  from space 4096K, 90% used [0x00000000ec280000,0x00000000ec620420,0x00000000ec680000)
  to   space 3584K, 0% used [0x00000000ec680000,0x00000000ec680000,0x00000000eca00000)
 ParOldGen       total 215552K, used 191155K [0x00000000c0000000, 0x00000000cd280000, 0x00000000eab00000)
  object space 215552K, 88% used [0x00000000c0000000,0x00000000cbaacea0,0x00000000cd280000)
 Metaspace       used 66595K, committed 67648K, reserved 1114112K
  class space    used 6981K, committed 7488K, reserved 1048576K

Card table byte_map: [0x0000026f63bc0000,0x0000026f63dd0000] _byte_map_base: 0x0000026f635c0000

Marking Bits: (ParMarkBitMap*) 0x00007ffe43e8d7d0
 Begin Bits: [0x0000026f75ec0000, 0x0000026f76ec0000)
 End Bits:   [0x0000026f76ec0000, 0x0000026f77ec0000)

Polling page: 0x0000026f62190000

Metaspace:

Usage:
  Non-class:     58.22 MB used.
      Class:      6.82 MB used.
       Both:     65.03 MB used.

Virtual space:
  Non-class space:       64.00 MB reserved,      58.75 MB ( 92%) committed,  1 nodes.
      Class space:        1.00 GB reserved,       7.31 MB ( <1%) committed,  1 nodes.
             Both:        1.06 GB reserved,      66.06 MB (  6%) committed. 

Chunk freelists:
   Non-Class:  4.31 MB
       Class:  8.65 MB
        Both:  12.96 MB

MaxMetaspaceSize: unlimited
CompressedClassSpaceSize: 1.00 GB
Initial GC threshold: 21.00 MB
Current GC threshold: 99.50 MB
CDS: off
MetaspaceReclaimPolicy: balanced
 - commit_granule_bytes: 65536.
 - commit_granule_words: 8192.
 - virtual_space_node_default_size: 8388608.
 - enlarge_chunks_in_place: 1.
 - new_chunks_are_fully_committed: 0.
 - uncommit_free_chunks: 1.
 - use_allocation_guard: 0.
 - handle_deallocations: 1.


Internal statistics:

num_allocs_failed_limit: 6.
num_arena_births: 672.
num_arena_deaths: 28.
num_vsnodes_births: 2.
num_vsnodes_deaths: 0.
num_space_committed: 1057.
num_space_uncommitted: 0.
num_chunks_returned_to_freelist: 37.
num_chunks_taken_from_freelist: 3263.
num_chunk_merges: 8.
num_chunk_splits: 2076.
num_chunks_enlarged: 1324.
num_inconsistent_stats: 0.

CodeHeap 'non-profiled nmethods': size=120000Kb used=7465Kb max_used=7465Kb free=112534Kb
 bounds [0x0000026f6e990000, 0x0000026f6f0e0000, 0x0000026f75ec0000]
CodeHeap 'profiled nmethods': size=120000Kb used=18700Kb max_used=18700Kb free=101299Kb
 bounds [0x0000026f66ec0000, 0x0000026f68110000, 0x0000026f6e3f0000]
CodeHeap 'non-nmethods': size=5760Kb used=1361Kb max_used=1473Kb free=4399Kb
 bounds [0x0000026f6e3f0000, 0x0000026f6e660000, 0x0000026f6e990000]
 total_blobs=9267 nmethods=8560 adapters=620
 compilation: enabled
              stopped_count=0, restarted_count=0
 full_count=0

Compilation events (20 events):
Event: 101.035 Thread 0x0000026f7d1242b0 nmethod 10756 0x0000026f68101910 code [0x0000026f68101f60, 0x0000026f68104938]
Event: 101.035 Thread 0x0000026f7d1242b0 10757       3       org.eclipse.lsp4j.jsonrpc.json.MessageJsonHandler::getJsonRpcMethod (39 bytes)
Event: 101.036 Thread 0x0000026f7d1242b0 nmethod 10757 0x0000026f68105c10 code [0x0000026f68105de0, 0x0000026f681061f8]
Event: 101.067 Thread 0x0000026f01adf5b0 nmethod 10116 0x0000026f6f0b9c90 code [0x0000026f6f0ba5a0, 0x0000026f6f0c7140]
Event: 101.068 Thread 0x0000026f01adf5b0 10758       4       org.eclipse.jdt.internal.compiler.parser.Scanner::internalScanIdentifierOrKeyword (4773 bytes)
Event: 101.194 Thread 0x0000026f01ae0af0 nmethod 10718 0x0000026f6f0cc090 code [0x0000026f6f0cc400, 0x0000026f6f0cf570]
Event: 101.195 Thread 0x0000026f01ae0af0 10740   !   4       org.eclipse.jdt.internal.compiler.lookup.TypeSystem::getUnannotatedType (267 bytes)
Event: 101.204 Thread 0x0000026f01ae0af0 nmethod 10740 0x0000026f6f0d1310 code [0x0000026f6f0d14e0, 0x0000026f6f0d1b18]
Event: 101.204 Thread 0x0000026f01ae0af0 10751       4       org.eclipse.jdt.internal.compiler.lookup.BinaryTypeBinding::kind (31 bytes)
Event: 101.205 Thread 0x0000026f01ae0af0 nmethod 10751 0x0000026f6f0d1f10 code [0x0000026f6f0d2080, 0x0000026f6f0d2138]
Event: 101.205 Thread 0x0000026f01ae0af0 10746       4       java.util.LinkedHashMap::keySet (25 bytes)
Event: 101.207 Thread 0x0000026f01ae0af0 nmethod 10746 0x0000026f6f0d2210 code [0x0000026f6f0d23a0, 0x0000026f6f0d24b8]
Event: 101.207 Thread 0x0000026f01ae0af0 10743       4       java.util.LinkedHashMap$LinkedKeySet::iterator (12 bytes)
Event: 101.209 Thread 0x0000026f01ae0af0 nmethod 10743 0x0000026f6f0d2590 code [0x0000026f6f0d2720, 0x0000026f6f0d2838]
Event: 101.209 Thread 0x0000026f01ae0af0 10731       4       org.eclipse.jdt.internal.compiler.util.CharArray::equals (33 bytes)
Event: 101.210 Thread 0x0000026f01ae0af0 nmethod 10731 0x0000026f6f0d2990 code [0x0000026f6f0d2b20, 0x0000026f6f0d2cd8]
Event: 101.251 Thread 0x0000026f01adf5b0 nmethod 10758 0x0000026f6f0d2e10 code [0x0000026f6f0d3320, 0x0000026f6f0d6d60]
Event: 101.300 Thread 0x0000026f7d1242b0 10760       3       org.eclipse.lsp4j.jsonrpc.messages.Either::isLeft (13 bytes)
Event: 101.300 Thread 0x0000026f7d1242b0 nmethod 10760 0x0000026f68106390 code [0x0000026f68106520, 0x0000026f68106698]
Event: 101.396 Thread 0x0000026f01ae0af0 10761       4       org.eclipse.jdt.internal.compiler.classfmt.FieldInfo::getName (49 bytes)

GC Heap History (20 events):
Event: 95.756 GC heap before
{Heap before GC invocations=924 (full 24):
 PSYoungGen      total 29696K, used 1275K [0x00000000eab00000, 0x00000000ecd80000, 0x0000000100000000)
  eden space 28160K, 0% used [0x00000000eab00000,0x00000000eab00000,0x00000000ec680000)
  from space 1536K, 83% used [0x00000000ec680000,0x00000000ec7bec08,0x00000000ec800000)
  to   space 2560K, 0% used [0x00000000ecb00000,0x00000000ecb00000,0x00000000ecd80000)
 ParOldGen       total 247808K, used 245246K [0x00000000c0000000, 0x00000000cf200000, 0x00000000eab00000)
  object space 247808K, 98% used [0x00000000c0000000,0x00000000cef7fab0,0x00000000cf200000)
 Metaspace       used 60091K, committed 61120K, reserved 1114112K
  class space    used 6379K, committed 6848K, reserved 1048576K
}
Event: 95.936 GC heap after
{Heap after GC invocations=924 (full 24):
 PSYoungGen      total 28160K, used 0K [0x00000000eab00000, 0x00000000ecb80000, 0x0000000100000000)
  eden space 27648K, 0% used [0x00000000eab00000,0x00000000eab00000,0x00000000ec600000)
  from space 512K, 0% used [0x00000000ecb00000,0x00000000ecb00000,0x00000000ecb80000)
  to   space 2560K, 0% used [0x00000000ec680000,0x00000000ec680000,0x00000000ec900000)
 ParOldGen       total 215552K, used 181501K [0x00000000c0000000, 0x00000000cd280000, 0x00000000eab00000)
  object space 215552K, 84% used [0x00000000c0000000,0x00000000cb13f6b8,0x00000000cd280000)
 Metaspace       used 60091K, committed 61120K, reserved 1114112K
  class space    used 6379K, committed 6848K, reserved 1048576K
}
Event: 96.529 GC heap before
{Heap before GC invocations=925 (full 24):
 PSYoungGen      total 28160K, used 27648K [0x00000000eab00000, 0x00000000ecb80000, 0x0000000100000000)
  eden space 27648K, 100% used [0x00000000eab00000,0x00000000ec600000,0x00000000ec600000)
  from space 512K, 0% used [0x00000000ecb00000,0x00000000ecb00000,0x00000000ecb80000)
  to   space 2560K, 0% used [0x00000000ec680000,0x00000000ec680000,0x00000000ec900000)
 ParOldGen       total 215552K, used 181501K [0x00000000c0000000, 0x00000000cd280000, 0x00000000eab00000)
  object space 215552K, 84% used [0x00000000c0000000,0x00000000cb13f6b8,0x00000000cd280000)
 Metaspace       used 60849K, committed 61952K, reserved 1114112K
  class space    used 6450K, committed 6912K, reserved 1048576K
}
Event: 96.531 GC heap after
{Heap after GC invocations=925 (full 24):
 PSYoungGen      total 29696K, used 1299K [0x00000000eab00000, 0x00000000ecb80000, 0x0000000100000000)
  eden space 27136K, 0% used [0x00000000eab00000,0x00000000eab00000,0x00000000ec580000)
  from space 2560K, 50% used [0x00000000ec680000,0x00000000ec7c4fc8,0x00000000ec900000)
  to   space 1536K, 0% used [0x00000000eca00000,0x00000000eca00000,0x00000000ecb80000)
 ParOldGen       total 215552K, used 181509K [0x00000000c0000000, 0x00000000cd280000, 0x00000000eab00000)
  object space 215552K, 84% used [0x00000000c0000000,0x00000000cb1416b8,0x00000000cd280000)
 Metaspace       used 60849K, committed 61952K, reserved 1114112K
  class space    used 6450K, committed 6912K, reserved 1048576K
}
Event: 96.822 GC heap before
{Heap before GC invocations=926 (full 24):
 PSYoungGen      total 29696K, used 28435K [0x00000000eab00000, 0x00000000ecb80000, 0x0000000100000000)
  eden space 27136K, 100% used [0x00000000eab00000,0x00000000ec580000,0x00000000ec580000)
  from space 2560K, 50% used [0x00000000ec680000,0x00000000ec7c4fc8,0x00000000ec900000)
  to   space 1536K, 0% used [0x00000000eca00000,0x00000000eca00000,0x00000000ecb80000)
 ParOldGen       total 215552K, used 181509K [0x00000000c0000000, 0x00000000cd280000, 0x00000000eab00000)
  object space 215552K, 84% used [0x00000000c0000000,0x00000000cb1416b8,0x00000000cd280000)
 Metaspace       used 62687K, committed 63808K, reserved 1114112K
  class space    used 6636K, committed 7104K, reserved 1048576K
}
Event: 96.826 GC heap after
{Heap after GC invocations=926 (full 24):
 PSYoungGen      total 28160K, used 1462K [0x00000000eab00000, 0x00000000ecb80000, 0x0000000100000000)
  eden space 26624K, 0% used [0x00000000eab00000,0x00000000eab00000,0x00000000ec500000)
  from space 1536K, 95% used [0x00000000eca00000,0x00000000ecb6d850,0x00000000ecb80000)
  to   space 1536K, 0% used [0x00000000ec880000,0x00000000ec880000,0x00000000eca00000)
 ParOldGen       total 215552K, used 181517K [0x00000000c0000000, 0x00000000cd280000, 0x00000000eab00000)
  object space 215552K, 84% used [0x00000000c0000000,0x00000000cb1436b8,0x00000000cd280000)
 Metaspace       used 62687K, committed 63808K, reserved 1114112K
  class space    used 6636K, committed 7104K, reserved 1048576K
}
Event: 97.258 GC heap before
{Heap before GC invocations=927 (full 24):
 PSYoungGen      total 28160K, used 28072K [0x00000000eab00000, 0x00000000ecb80000, 0x0000000100000000)
  eden space 26624K, 99% used [0x00000000eab00000,0x00000000ec4fc900,0x00000000ec500000)
  from space 1536K, 95% used [0x00000000eca00000,0x00000000ecb6d850,0x00000000ecb80000)
  to   space 1536K, 0% used [0x00000000ec880000,0x00000000ec880000,0x00000000eca00000)
 ParOldGen       total 215552K, used 181517K [0x00000000c0000000, 0x00000000cd280000, 0x00000000eab00000)
  object space 215552K, 84% used [0x00000000c0000000,0x00000000cb1436b8,0x00000000cd280000)
 Metaspace       used 63647K, committed 64704K, reserved 1114112K
  class space    used 6741K, committed 7168K, reserved 1048576K
}
Event: 97.263 GC heap after
{Heap after GC invocations=927 (full 24):
 PSYoungGen      total 27648K, used 1520K [0x00000000eab00000, 0x00000000ecb80000, 0x0000000100000000)
  eden space 26112K, 0% used [0x00000000eab00000,0x00000000eab00000,0x00000000ec480000)
  from space 1536K, 99% used [0x00000000ec880000,0x00000000ec9fc3b0,0x00000000eca00000)
  to   space 1536K, 0% used [0x00000000eca00000,0x00000000eca00000,0x00000000ecb80000)
 ParOldGen       total 215552K, used 183238K [0x00000000c0000000, 0x00000000cd280000, 0x00000000eab00000)
  object space 215552K, 85% used [0x00000000c0000000,0x00000000cb2f1bd0,0x00000000cd280000)
 Metaspace       used 63647K, committed 64704K, reserved 1114112K
  class space    used 6741K, committed 7168K, reserved 1048576K
}
Event: 97.524 GC heap before
{Heap before GC invocations=928 (full 24):
 PSYoungGen      total 27648K, used 27632K [0x00000000eab00000, 0x00000000ecb80000, 0x0000000100000000)
  eden space 26112K, 99% used [0x00000000eab00000,0x00000000ec47fe78,0x00000000ec480000)
  from space 1536K, 99% used [0x00000000ec880000,0x00000000ec9fc3b0,0x00000000eca00000)
  to   space 1536K, 0% used [0x00000000eca00000,0x00000000eca00000,0x00000000ecb80000)
 ParOldGen       total 215552K, used 183500K [0x00000000c0000000, 0x00000000cd280000, 0x00000000eab00000)
  object space 215552K, 85% used [0x00000000c0000000,0x00000000cb333160,0x00000000cd280000)
 Metaspace       used 63787K, committed 64896K, reserved 1114112K
  class space    used 6754K, committed 7232K, reserved 1048576K
}
Event: 97.528 GC heap after
{Heap after GC invocations=928 (full 24):
 PSYoungGen      total 27648K, used 1536K [0x00000000eab00000, 0x00000000ecb80000, 0x0000000100000000)
  eden space 26112K, 0% used [0x00000000eab00000,0x00000000eab00000,0x00000000ec480000)
  from space 1536K, 100% used [0x00000000eca00000,0x00000000ecb80000,0x00000000ecb80000)
  to   space 3072K, 0% used [0x00000000ec580000,0x00000000ec580000,0x00000000ec880000)
 ParOldGen       total 215552K, used 184555K [0x00000000c0000000, 0x00000000cd280000, 0x00000000eab00000)
  object space 215552K, 85% used [0x00000000c0000000,0x00000000cb43ad40,0x00000000cd280000)
 Metaspace       used 63787K, committed 64896K, reserved 1114112K
  class space    used 6754K, committed 7232K, reserved 1048576K
}
Event: 97.907 GC heap before
{Heap before GC invocations=929 (full 24):
 PSYoungGen      total 27648K, used 27648K [0x00000000eab00000, 0x00000000ecb80000, 0x0000000100000000)
  eden space 26112K, 100% used [0x00000000eab00000,0x00000000ec480000,0x00000000ec480000)
  from space 1536K, 100% used [0x00000000eca00000,0x00000000ecb80000,0x00000000ecb80000)
  to   space 3072K, 0% used [0x00000000ec580000,0x00000000ec580000,0x00000000ec880000)
 ParOldGen       total 215552K, used 184765K [0x00000000c0000000, 0x00000000cd280000, 0x00000000eab00000)
  object space 215552K, 85% used [0x00000000c0000000,0x00000000cb46f4f8,0x00000000cd280000)
 Metaspace       used 65022K, committed 66176K, reserved 1114112K
  class space    used 6870K, committed 7360K, reserved 1048576K
}
Event: 97.914 GC heap after
{Heap after GC invocations=929 (full 24):
 PSYoungGen      total 28672K, used 2724K [0x00000000eab00000, 0x00000000eca80000, 0x0000000100000000)
  eden space 25600K, 0% used [0x00000000eab00000,0x00000000eab00000,0x00000000ec400000)
  from space 3072K, 88% used [0x00000000ec580000,0x00000000ec8293b8,0x00000000ec880000)
  to   space 2048K, 0% used [0x00000000ec880000,0x00000000ec880000,0x00000000eca80000)
 ParOldGen       total 215552K, used 185750K [0x00000000c0000000, 0x00000000cd280000, 0x00000000eab00000)
  object space 215552K, 86% used [0x00000000c0000000,0x00000000cb5659e8,0x00000000cd280000)
 Metaspace       used 65022K, committed 66176K, reserved 1114112K
  class space    used 6870K, committed 7360K, reserved 1048576K
}
Event: 98.287 GC heap before
{Heap before GC invocations=930 (full 24):
 PSYoungGen      total 28672K, used 28246K [0x00000000eab00000, 0x00000000eca80000, 0x0000000100000000)
  eden space 25600K, 99% used [0x00000000eab00000,0x00000000ec3ec6a8,0x00000000ec400000)
  from space 3072K, 88% used [0x00000000ec580000,0x00000000ec8293b8,0x00000000ec880000)
  to   space 2048K, 0% used [0x00000000ec880000,0x00000000ec880000,0x00000000eca80000)
 ParOldGen       total 215552K, used 185750K [0x00000000c0000000, 0x00000000cd280000, 0x00000000eab00000)
  object space 215552K, 86% used [0x00000000c0000000,0x00000000cb5659e8,0x00000000cd280000)
 Metaspace       used 65329K, committed 66432K, reserved 1114112K
  class space    used 6895K, committed 7360K, reserved 1048576K
}
Event: 98.293 GC heap after
{Heap after GC invocations=930 (full 24):
 PSYoungGen      total 27136K, used 2041K [0x00000000eab00000, 0x00000000ecb80000, 0x0000000100000000)
  eden space 25088K, 0% used [0x00000000eab00000,0x00000000eab00000,0x00000000ec380000)
  from space 2048K, 99% used [0x00000000ec880000,0x00000000eca7e6d0,0x00000000eca80000)
  to   space 4096K, 0% used [0x00000000ec380000,0x00000000ec380000,0x00000000ec780000)
 ParOldGen       total 215552K, used 187374K [0x00000000c0000000, 0x00000000cd280000, 0x00000000eab00000)
  object space 215552K, 86% used [0x00000000c0000000,0x00000000cb6fb9e8,0x00000000cd280000)
 Metaspace       used 65329K, committed 66432K, reserved 1114112K
  class space    used 6895K, committed 7360K, reserved 1048576K
}
Event: 98.794 GC heap before
{Heap before GC invocations=931 (full 24):
 PSYoungGen      total 27136K, used 27082K [0x00000000eab00000, 0x00000000ecb80000, 0x0000000100000000)
  eden space 25088K, 99% used [0x00000000eab00000,0x00000000ec3743b0,0x00000000ec380000)
  from space 2048K, 99% used [0x00000000ec880000,0x00000000eca7e6d0,0x00000000eca80000)
  to   space 4096K, 0% used [0x00000000ec380000,0x00000000ec380000,0x00000000ec780000)
 ParOldGen       total 215552K, used 187374K [0x00000000c0000000, 0x00000000cd280000, 0x00000000eab00000)
  object space 215552K, 86% used [0x00000000c0000000,0x00000000cb6fb9e8,0x00000000cd280000)
 Metaspace       used 65604K, committed 66688K, reserved 1114112K
  class space    used 6922K, committed 7360K, reserved 1048576K
}
Event: 98.803 GC heap after
{Heap after GC invocations=931 (full 24):
 PSYoungGen      total 26624K, used 1896K [0x00000000eab00000, 0x00000000ec900000, 0x0000000100000000)
  eden space 24576K, 0% used [0x00000000eab00000,0x00000000eab00000,0x00000000ec300000)
  from space 2048K, 92% used [0x00000000ec380000,0x00000000ec55a020,0x00000000ec580000)
  to   space 2560K, 0% used [0x00000000ec680000,0x00000000ec680000,0x00000000ec900000)
 ParOldGen       total 215552K, used 188880K [0x00000000c0000000, 0x00000000cd280000, 0x00000000eab00000)
  object space 215552K, 87% used [0x00000000c0000000,0x00000000cb874328,0x00000000cd280000)
 Metaspace       used 65604K, committed 66688K, reserved 1114112K
  class space    used 6922K, committed 7360K, reserved 1048576K
}
Event: 99.236 GC heap before
{Heap before GC invocations=932 (full 24):
 PSYoungGen      total 26624K, used 26375K [0x00000000eab00000, 0x00000000ec900000, 0x0000000100000000)
  eden space 24576K, 99% used [0x00000000eab00000,0x00000000ec2e7e28,0x00000000ec300000)
  from space 2048K, 92% used [0x00000000ec380000,0x00000000ec55a020,0x00000000ec580000)
  to   space 2560K, 0% used [0x00000000ec680000,0x00000000ec680000,0x00000000ec900000)
 ParOldGen       total 215552K, used 189006K [0x00000000c0000000, 0x00000000cd280000, 0x00000000eab00000)
  object space 215552K, 87% used [0x00000000c0000000,0x00000000cb893960,0x00000000cd280000)
 Metaspace       used 65998K, committed 67136K, reserved 1114112K
  class space    used 6959K, committed 7488K, reserved 1048576K
}
Event: 99.240 GC heap after
{Heap after GC invocations=932 (full 24):
 PSYoungGen      total 26624K, used 2559K [0x00000000eab00000, 0x00000000ecb00000, 0x0000000100000000)
  eden space 24064K, 0% used [0x00000000eab00000,0x00000000eab00000,0x00000000ec280000)
  from space 2560K, 99% used [0x00000000ec680000,0x00000000ec8fffe0,0x00000000ec900000)
  to   space 4096K, 0% used [0x00000000ec280000,0x00000000ec280000,0x00000000ec680000)
 ParOldGen       total 215552K, used 189791K [0x00000000c0000000, 0x00000000cd280000, 0x00000000eab00000)
  object space 215552K, 88% used [0x00000000c0000000,0x00000000cb957d48,0x00000000cd280000)
 Metaspace       used 65998K, committed 67136K, reserved 1114112K
  class space    used 6959K, committed 7488K, reserved 1048576K
}
Event: 100.361 GC heap before
{Heap before GC invocations=933 (full 24):
 PSYoungGen      total 26624K, used 26623K [0x00000000eab00000, 0x00000000ecb00000, 0x0000000100000000)
  eden space 24064K, 100% used [0x00000000eab00000,0x00000000ec280000,0x00000000ec280000)
  from space 2560K, 99% used [0x00000000ec680000,0x00000000ec8fffe0,0x00000000ec900000)
  to   space 4096K, 0% used [0x00000000ec280000,0x00000000ec280000,0x00000000ec680000)
 ParOldGen       total 215552K, used 189793K [0x00000000c0000000, 0x00000000cd280000, 0x00000000eab00000)
  object space 215552K, 88% used [0x00000000c0000000,0x00000000cb958730,0x00000000cd280000)
 Metaspace       used 66439K, committed 67520K, reserved 1114112K
  class space    used 6973K, committed 7488K, reserved 1048576K
}
Event: 100.368 GC heap after
{Heap after GC invocations=933 (full 24):
 PSYoungGen      total 27648K, used 3713K [0x00000000eab00000, 0x00000000eca00000, 0x0000000100000000)
  eden space 23552K, 0% used [0x00000000eab00000,0x00000000eab00000,0x00000000ec200000)
  from space 4096K, 90% used [0x00000000ec280000,0x00000000ec620420,0x00000000ec680000)
  to   space 3584K, 0% used [0x00000000ec680000,0x00000000ec680000,0x00000000eca00000)
 ParOldGen       total 215552K, used 191155K [0x00000000c0000000, 0x00000000cd280000, 0x00000000eab00000)
  object space 215552K, 88% used [0x00000000c0000000,0x00000000cbaacea0,0x00000000cd280000)
 Metaspace       used 66439K, committed 67520K, reserved 1114112K
  class space    used 6973K, committed 7488K, reserved 1048576K
}

Dll operation events (10 events):
Event: 0.185 Loaded shared library c:\Users\Chien Starry\.vscode\extensions\redhat.java-1.30.0-win32-x64\jre\17.0.10-win32-x86_64\bin\java.dll
Event: 1.319 Loaded shared library c:\Users\Chien Starry\.vscode\extensions\redhat.java-1.30.0-win32-x64\jre\17.0.10-win32-x86_64\bin\zip.dll
Event: 1.353 Loaded shared library C:\Users\Chien Starry\.vscode\extensions\redhat.java-1.30.0-win32-x64\jre\17.0.10-win32-x86_64\bin\instrument.dll
Event: 1.443 Loaded shared library C:\Users\Chien Starry\.vscode\extensions\redhat.java-1.30.0-win32-x64\jre\17.0.10-win32-x86_64\bin\net.dll
Event: 1.457 Loaded shared library C:\Users\Chien Starry\.vscode\extensions\redhat.java-1.30.0-win32-x64\jre\17.0.10-win32-x86_64\bin\nio.dll
Event: 1.478 Loaded shared library C:\Users\Chien Starry\.vscode\extensions\redhat.java-1.30.0-win32-x64\jre\17.0.10-win32-x86_64\bin\zip.dll
Event: 1.562 Loaded shared library C:\Users\Chien Starry\.vscode\extensions\redhat.java-1.30.0-win32-x64\jre\17.0.10-win32-x86_64\bin\jimage.dll
Event: 1.956 Loaded shared library c:\Users\Chien Starry\.vscode\extensions\redhat.java-1.30.0-win32-x64\jre\17.0.10-win32-x86_64\bin\verify.dll
Event: 5.693 Loaded shared library C:\Users\Chien Starry\AppData\Roaming\Code\User\globalStorage\redhat.java\1.30.0\config_win\org.eclipse.equinox.launcher\org.eclipse.equinox.launcher.win32.win32.x86_64_1.2.900.v20240213-1244\eclipse_11900.dll
Event: 28.651 Loaded shared library C:\Users\Chien Starry\AppData\Local\Temp\jna-88177548\jna13058210157149385726.dll

Deoptimization events (20 events):
Event: 100.671 Thread 0x0000026f0136f420 DEOPT PACKING pc=0x0000026f6ef99b1c sp=0x000000eabfcfe470
Event: 100.671 Thread 0x0000026f0136f420 DEOPT UNPACKING pc=0x0000026f6e4466a3 sp=0x000000eabfcfe400 mode 2
Event: 100.803 Thread 0x0000026f0136fe40 Uncommon trap: trap_request=0xffffffc6 fr.pc=0x0000026f6f03c214 relative=0x0000000000001074
Event: 100.803 Thread 0x0000026f0136fe40 Uncommon trap: reason=bimorphic_or_optimized_type_check action=maybe_recompile pc=0x0000026f6f03c214 method=org.eclipse.jdt.internal.core.NameLookup.getModuleDescription(Lorg/eclipse/jdt/internal/core/JavaProject;Lorg/eclipse/jdt/core/IPackageFragmentRoot
Event: 100.803 Thread 0x0000026f0136fe40 DEOPT PACKING pc=0x0000026f6f03c214 sp=0x000000eabd8fdb20
Event: 100.803 Thread 0x0000026f0136fe40 DEOPT UNPACKING pc=0x0000026f6e4466a3 sp=0x000000eabd8fdac8 mode 2
Event: 100.804 Thread 0x0000026f0136fe40 Uncommon trap: trap_request=0xffffffc6 fr.pc=0x0000026f6f03c214 relative=0x0000000000001074
Event: 100.804 Thread 0x0000026f0136fe40 Uncommon trap: reason=bimorphic_or_optimized_type_check action=maybe_recompile pc=0x0000026f6f03c214 method=org.eclipse.jdt.internal.core.NameLookup.getModuleDescription(Lorg/eclipse/jdt/internal/core/JavaProject;Lorg/eclipse/jdt/core/IPackageFragmentRoot
Event: 100.804 Thread 0x0000026f0136fe40 DEOPT PACKING pc=0x0000026f6f03c214 sp=0x000000eabd8fdb20
Event: 100.804 Thread 0x0000026f0136fe40 DEOPT UNPACKING pc=0x0000026f6e4466a3 sp=0x000000eabd8fdac8 mode 2
Event: 100.806 Thread 0x0000026f0136fe40 Uncommon trap: trap_request=0xffffffc6 fr.pc=0x0000026f6f03c214 relative=0x0000000000001074
Event: 100.806 Thread 0x0000026f0136fe40 Uncommon trap: reason=bimorphic_or_optimized_type_check action=maybe_recompile pc=0x0000026f6f03c214 method=org.eclipse.jdt.internal.core.NameLookup.getModuleDescription(Lorg/eclipse/jdt/internal/core/JavaProject;Lorg/eclipse/jdt/core/IPackageFragmentRoot
Event: 100.807 Thread 0x0000026f0136fe40 DEOPT PACKING pc=0x0000026f6f03c214 sp=0x000000eabd8fd5e0
Event: 100.807 Thread 0x0000026f0136fe40 DEOPT UNPACKING pc=0x0000026f6e4466a3 sp=0x000000eabd8fd5a8 mode 2
Event: 100.807 Thread 0x0000026f0136fe40 Uncommon trap: trap_request=0xffffffc6 fr.pc=0x0000026f6f03c214 relative=0x0000000000001074
Event: 100.807 Thread 0x0000026f0136fe40 Uncommon trap: reason=bimorphic_or_optimized_type_check action=maybe_recompile pc=0x0000026f6f03c214 method=org.eclipse.jdt.internal.core.NameLookup.getModuleDescription(Lorg/eclipse/jdt/internal/core/JavaProject;Lorg/eclipse/jdt/core/IPackageFragmentRoot
Event: 100.807 Thread 0x0000026f0136fe40 DEOPT PACKING pc=0x0000026f6f03c214 sp=0x000000eabd8fd5e0
Event: 100.807 Thread 0x0000026f0136fe40 DEOPT UNPACKING pc=0x0000026f6e4466a3 sp=0x000000eabd8fd5a8 mode 2
Event: 101.060 Thread 0x0000026f7e7885d0 DEOPT PACKING pc=0x0000026f67e879d5 sp=0x000000eabf7fec70
Event: 101.060 Thread 0x0000026f7e7885d0 DEOPT UNPACKING pc=0x0000026f6e446e43 sp=0x000000eabf7fe210 mode 0

Classes unloaded (14 events):
Event: 19.631 Thread 0x0000026f642dece0 Unloading class 0x0000000100248400 'java/lang/invoke/LambdaForm$MH+0x0000000100248400'
Event: 19.637 Thread 0x0000026f642dece0 Unloading class 0x0000000100248000 'java/lang/invoke/LambdaForm$MH+0x0000000100248000'
Event: 19.637 Thread 0x0000026f642dece0 Unloading class 0x0000000100247c00 'java/lang/invoke/LambdaForm$MH+0x0000000100247c00'
Event: 19.637 Thread 0x0000026f642dece0 Unloading class 0x0000000100247800 'java/lang/invoke/LambdaForm$MH+0x0000000100247800'
Event: 19.637 Thread 0x0000026f642dece0 Unloading class 0x0000000100247400 'java/lang/invoke/LambdaForm$BMH+0x0000000100247400'
Event: 19.637 Thread 0x0000026f642dece0 Unloading class 0x0000000100247000 'java/lang/invoke/LambdaForm$DMH+0x0000000100247000'
Event: 19.637 Thread 0x0000026f642dece0 Unloading class 0x0000000100244400 'java/lang/invoke/LambdaForm$DMH+0x0000000100244400'
Event: 25.260 Thread 0x0000026f642dece0 Unloading class 0x0000000100334400 'java/lang/invoke/LambdaForm$MH+0x0000000100334400'
Event: 25.260 Thread 0x0000026f642dece0 Unloading class 0x0000000100333800 'java/lang/invoke/LambdaForm$MH+0x0000000100333800'
Event: 25.260 Thread 0x0000026f642dece0 Unloading class 0x0000000100333000 'java/lang/invoke/LambdaForm$MH+0x0000000100333000'
Event: 25.260 Thread 0x0000026f642dece0 Unloading class 0x0000000100332800 'java/lang/invoke/LambdaForm$MH+0x0000000100332800'
Event: 25.260 Thread 0x0000026f642dece0 Unloading class 0x0000000100332400 'java/lang/invoke/LambdaForm$DMH+0x0000000100332400'
Event: 25.260 Thread 0x0000026f642dece0 Unloading class 0x0000000100331c00 'java/lang/invoke/LambdaForm$MH+0x0000000100331c00'
Event: 25.260 Thread 0x0000026f642dece0 Unloading class 0x0000000100331000 'java/lang/invoke/LambdaForm$MH+0x0000000100331000'

Classes redefined (0 events):
No events

Internal exceptions (20 events):
Event: 96.740 Thread 0x0000026f0136fe40 Exception <a 'java/lang/NoSuchMethodError'{0x00000000ebd8cc00}: 'int java.lang.invoke.DirectMethodHandle$Holder.invokeStatic(java.lang.Object, java.lang.Object, java.lang.Object, int)'> (0x00000000ebd8cc00) 
thrown [s\src\hotspot\share\interpreter\linkResolver.cpp, line 759]
Event: 96.789 Thread 0x0000026f7e7885d0 Exception <a 'sun/nio/fs/WindowsException'{0x00000000ec34de38}> (0x00000000ec34de38) 
thrown [s\src\hotspot\share\prims\jni.cpp, line 516]
Event: 96.993 Thread 0x0000026f0136fe40 Exception <a 'java/lang/NoSuchMethodError'{0x00000000eb3f7da8}: 'int java.lang.invoke.DirectMethodHandle$Holder.invokeSpecialIFC(java.lang.Object, java.lang.Object, java.lang.Object)'> (0x00000000eb3f7da8) 
thrown [s\src\hotspot\share\interpreter\linkResolver.cpp, line 759]
Event: 97.083 Thread 0x0000026f7e7885d0 Exception <a 'sun/nio/fs/WindowsException'{0x00000000eb599ee0}> (0x00000000eb599ee0) 
thrown [s\src\hotspot\share\prims\jni.cpp, line 516]
Event: 97.745 Thread 0x0000026f7e7885d0 Exception <a 'sun/nio/fs/WindowsException'{0x00000000eb875768}> (0x00000000eb875768) 
thrown [s\src\hotspot\share\prims\jni.cpp, line 516]
Event: 98.040 Thread 0x0000026f7e7885d0 Exception <a 'sun/nio/fs/WindowsException'{0x00000000eb263fd8}> (0x00000000eb263fd8) 
thrown [s\src\hotspot\share\prims\jni.cpp, line 516]
Event: 98.283 Thread 0x0000026f7e7885d0 Exception <a 'sun/nio/fs/WindowsException'{0x00000000ec2d7ae8}> (0x00000000ec2d7ae8) 
thrown [s\src\hotspot\share\prims\jni.cpp, line 516]
Event: 98.304 Thread 0x0000026f0136f930 Exception <a 'java/lang/NoSuchMethodError'{0x00000000eab30350}: 'void java.lang.invoke.DirectMethodHandle$Holder.invokeStatic(java.lang.Object, int, java.lang.Object)'> (0x00000000eab30350) 
thrown [s\src\hotspot\share\interpreter\linkResolver.cpp, line 759]
Event: 98.331 Thread 0x0000026f0136f930 Exception <a 'java/lang/NoSuchMethodError'{0x00000000eac8dfd8}: 'int java.lang.invoke.DirectMethodHandle$Holder.invokeStatic(java.lang.Object, int, java.lang.Object)'> (0x00000000eac8dfd8) 
thrown [s\src\hotspot\share\interpreter\linkResolver.cpp, line 759]
Event: 98.764 Thread 0x0000026f7e7885d0 Exception <a 'sun/nio/fs/WindowsException'{0x00000000ebeacc30}> (0x00000000ebeacc30) 
thrown [s\src\hotspot\share\prims\jni.cpp, line 516]
Event: 99.002 Thread 0x0000026f7e7885d0 Exception <a 'sun/nio/fs/WindowsException'{0x00000000eb8dc2d0}> (0x00000000eb8dc2d0) 
thrown [s\src\hotspot\share\prims\jni.cpp, line 516]
Event: 99.036 Thread 0x0000026f0136f930 Implicit null exception at 0x0000026f6ed03a25 to 0x0000026f6ed03b84
Event: 99.859 Thread 0x0000026f7e7885d0 Exception <a 'sun/nio/fs/WindowsException'{0x00000000eb846d28}> (0x00000000eb846d28) 
thrown [s\src\hotspot\share\prims\jni.cpp, line 516]
Event: 100.407 Thread 0x0000026f0136f930 Exception <a 'java/lang/NoSuchMethodError'{0x00000000eab30838}: 'java.lang.Object java.lang.invoke.DirectMethodHandle$Holder.newInvokeSpecial(java.lang.Object, java.lang.Object, java.lang.Object, java.lang.Object, int)'> (0x00000000eab30838) 
thrown [s\src\hotspot\share\interpreter\linkResolver.cpp, line 759]
Event: 100.413 Thread 0x0000026f0136f930 Exception <a 'java/lang/NoSuchMethodError'{0x00000000eab34e18}: 'java.lang.Object java.lang.invoke.DirectMethodHandle$Holder.invokeSpecial(java.lang.Object, java.lang.Object, java.lang.Object, java.lang.Object, java.lang.Object, int)'> (0x00000000eab34e18) 
thrown [s\src\hotspot\share\interpreter\linkResolver.cpp, line 759]
Event: 100.419 Thread 0x0000026f0136f930 Exception <a 'java/lang/NoSuchMethodError'{0x00000000eab38da8}: 'java.lang.Object java.lang.invoke.Invokers$Holder.linkToTargetMethod(java.lang.Object, java.lang.Object, java.lang.Object, int, java.lang.Object)'> (0x00000000eab38da8) 
thrown [s\src\hotspot\share\interpreter\linkResolver.cpp, line 759]
Event: 100.691 Thread 0x0000026f7e7885d0 Exception <a 'sun/nio/fs/WindowsException'{0x00000000eac03638}> (0x00000000eac03638) 
thrown [s\src\hotspot\share\prims\jni.cpp, line 516]
Event: 101.262 Thread 0x0000026f7e7885d0 Exception <a 'sun/nio/fs/WindowsException'{0x00000000eb74b378}> (0x00000000eb74b378) 
thrown [s\src\hotspot\share\prims\jni.cpp, line 516]
Event: 101.337 Thread 0x0000026f7e7885d0 Exception <a 'sun/nio/fs/WindowsException'{0x00000000eb759eb0}> (0x00000000eb759eb0) 
thrown [s\src\hotspot\share\prims\jni.cpp, line 516]
Event: 101.435 Thread 0x0000026f7e7885d0 Exception <a 'sun/nio/fs/WindowsException'{0x00000000ebbe65e8}> (0x00000000ebbe65e8) 
thrown [s\src\hotspot\share\prims\jni.cpp, line 516]

VM Operations (20 events):
Event: 97.524 Executing VM operation: ParallelGCSystemGC
Event: 97.529 Executing VM operation: ParallelGCSystemGC done
Event: 97.876 Executing VM operation: HandshakeAllThreads
Event: 97.876 Executing VM operation: HandshakeAllThreads done
Event: 97.906 Executing VM operation: ParallelGCFailedAllocation
Event: 97.915 Executing VM operation: ParallelGCFailedAllocation done
Event: 98.286 Executing VM operation: ParallelGCFailedAllocation
Event: 98.294 Executing VM operation: ParallelGCFailedAllocation done
Event: 98.794 Executing VM operation: ParallelGCFailedAllocation
Event: 98.803 Executing VM operation: ParallelGCFailedAllocation done
Event: 99.235 Executing VM operation: ParallelGCFailedAllocation
Event: 99.236 Executing VM operation: ParallelGCFailedAllocation done
Event: 99.236 Executing VM operation: ParallelGCSystemGC
Event: 99.240 Executing VM operation: ParallelGCSystemGC done
Event: 100.240 Executing VM operation: Cleanup
Event: 100.247 Executing VM operation: Cleanup done
Event: 100.361 Executing VM operation: ParallelGCFailedAllocation
Event: 100.368 Executing VM operation: ParallelGCFailedAllocation done
Event: 101.369 Executing VM operation: Cleanup
Event: 101.369 Executing VM operation: Cleanup done

Events (20 events):
Event: 97.238 loading class java/util/concurrent/CountedCompleter done
Event: 97.282 Thread 0x0000026f780be900 flushing nmethod 0x0000026f66f86d10
Event: 97.297 Thread 0x0000026f780be900 flushing nmethod 0x0000026f67ae6090
Event: 97.967 Thread 0x0000026f0136f930 Thread added: 0x0000026f0136f930
Event: 100.049 loading class java/util/HashMap$ValueSpliterator
Event: 100.051 loading class java/util/HashMap$ValueSpliterator done
Event: 100.052 loading class java/util/concurrent/CompletableFuture$UniExceptionally
Event: 100.058 loading class java/util/concurrent/CompletableFuture$UniExceptionally done
Event: 100.089 loading class jdk/internal/icu/text/NormalizerBase$NFCModeImpl
Event: 100.090 loading class jdk/internal/icu/text/NormalizerBase$NFCModeImpl done
Event: 100.090 loading class jdk/internal/icu/impl/Norm2AllModes$NFCSingleton
Event: 100.092 loading class jdk/internal/icu/impl/Norm2AllModes$NFCSingleton done
Event: 100.113 loading class java/nio/StringCharBuffer
Event: 100.114 loading class java/nio/StringCharBuffer done
Event: 100.757 Thread 0x0000026f0136f930 Thread exited: 0x0000026f0136f930
Event: 100.985 Thread 0x0000026f01370350 Thread added: 0x0000026f01370350
Event: 101.030 Thread 0x0000026f01370350 Thread exited: 0x0000026f01370350
Event: 101.052 Thread 0x0000026f01374520 Thread added: 0x0000026f01374520
Event: 101.301 Thread 0x0000026f0136dfe0 Thread added: 0x0000026f0136dfe0
Event: 101.396 Thread 0x0000026f01adf5b0 Thread exited: 0x0000026f01adf5b0


Dynamic libraries:
0x00007ff68c7f0000 - 0x00007ff68c7fe000 	c:\Users\Chien Starry\.vscode\extensions\redhat.java-1.30.0-win32-x64\jre\17.0.10-win32-x86_64\bin\java.exe
0x00007ffef27b0000 - 0x00007ffef29c7000 	C:\WINDOWS\SYSTEM32\ntdll.dll
0x00007ffef26a0000 - 0x00007ffef2764000 	C:\WINDOWS\System32\KERNEL32.DLL
0x00007ffeefad0000 - 0x00007ffeefe77000 	C:\WINDOWS\System32\KERNELBASE.dll
0x0000000053850000 - 0x0000000053b82000 	C:\Program Files\Norton Security\NortonData\22.23.1.21\Definitions\IPSDefs\20240523.064\IPSEng64.dll
0x00007ffef2510000 - 0x00007ffef25c2000 	C:\WINDOWS\System32\ADVAPI32.dll
0x00007ffef2060000 - 0x00007ffef2107000 	C:\WINDOWS\System32\msvcrt.dll
0x00007ffef25d0000 - 0x00007ffef2678000 	C:\WINDOWS\System32\sechost.dll
0x00007ffef0050000 - 0x00007ffef0078000 	C:\WINDOWS\System32\bcrypt.dll
0x00007ffef07a0000 - 0x00007ffef08b5000 	C:\WINDOWS\System32\RPCRT4.dll
0x00007ffef1010000 - 0x00007ffef1018000 	C:\WINDOWS\System32\PSAPI.DLL
0x00007ffef0080000 - 0x00007ffef0191000 	C:\WINDOWS\System32\ucrtbase.dll
0x00007ffec57c0000 - 0x00007ffec57d7000 	c:\Users\Chien Starry\.vscode\extensions\redhat.java-1.30.0-win32-x64\jre\17.0.10-win32-x86_64\bin\jli.dll
0x00007ffef1020000 - 0x00007ffef11ce000 	C:\WINDOWS\System32\USER32.dll
0x00007ffeeffa0000 - 0x00007ffeeffc6000 	C:\WINDOWS\System32\win32u.dll
0x00007ffef1d50000 - 0x00007ffef1d79000 	C:\WINDOWS\System32\GDI32.dll
0x00007ffeefe80000 - 0x00007ffeeff99000 	C:\WINDOWS\System32\gdi32full.dll
0x00007ffef0380000 - 0x00007ffef041a000 	C:\WINDOWS\System32\msvcp_win.dll
0x00007ffec4d50000 - 0x00007ffec4d6b000 	c:\Users\Chien Starry\.vscode\extensions\redhat.java-1.30.0-win32-x64\jre\17.0.10-win32-x86_64\bin\VCRUNTIME140.dll
0x00007ffed6b10000 - 0x00007ffed6da3000 	C:\WINDOWS\WinSxS\amd64_microsoft.windows.common-controls_6595b64144ccf1df_6.0.22621.3527_none_270e469b73872a76\COMCTL32.dll
0x00007ffef1f40000 - 0x00007ffef1f71000 	C:\WINDOWS\System32\IMM32.DLL
0x00007ffee5b00000 - 0x00007ffee5b0c000 	c:\Users\Chien Starry\.vscode\extensions\redhat.java-1.30.0-win32-x64\jre\17.0.10-win32-x86_64\bin\vcruntime140_1.dll
0x00007ffeb4260000 - 0x00007ffeb42ed000 	c:\Users\Chien Starry\.vscode\extensions\redhat.java-1.30.0-win32-x64\jre\17.0.10-win32-x86_64\bin\msvcp140.dll
0x00007ffe432f0000 - 0x00007ffe43f52000 	c:\Users\Chien Starry\.vscode\extensions\redhat.java-1.30.0-win32-x64\jre\17.0.10-win32-x86_64\bin\server\jvm.dll
0x00007ffeef530000 - 0x00007ffeef57d000 	C:\WINDOWS\SYSTEM32\POWRPROF.dll
0x00007ffed13a0000 - 0x00007ffed13a9000 	C:\WINDOWS\SYSTEM32\WSOCK32.dll
0x00007ffef1250000 - 0x00007ffef12c1000 	C:\WINDOWS\System32\WS2_32.dll
0x00007ffee5a30000 - 0x00007ffee5a64000 	C:\WINDOWS\SYSTEM32\WINMM.dll
0x00007ffeee6f0000 - 0x00007ffeee6fa000 	C:\WINDOWS\SYSTEM32\VERSION.dll
0x00007ffeef410000 - 0x00007ffeef423000 	C:\WINDOWS\SYSTEM32\UMPDC.dll
0x00007ffeeeab0000 - 0x00007ffeeeac8000 	C:\WINDOWS\SYSTEM32\kernel.appcore.dll
0x00007ffee3780000 - 0x00007ffee378a000 	c:\Users\Chien Starry\.vscode\extensions\redhat.java-1.30.0-win32-x64\jre\17.0.10-win32-x86_64\bin\jimage.dll
0x00007ffeea170000 - 0x00007ffeea3a2000 	C:\WINDOWS\SYSTEM32\DBGHELP.DLL
0x00007ffef2110000 - 0x00007ffef2498000 	C:\WINDOWS\System32\combase.dll
0x00007ffef1f80000 - 0x00007ffef2057000 	C:\WINDOWS\System32\OLEAUT32.dll
0x00007ffece960000 - 0x00007ffece992000 	C:\WINDOWS\SYSTEM32\dbgcore.DLL
0x00007ffeeffd0000 - 0x00007ffef0049000 	C:\WINDOWS\System32\bcryptPrimitives.dll
0x00007ffeda290000 - 0x00007ffeda29e000 	c:\Users\Chien Starry\.vscode\extensions\redhat.java-1.30.0-win32-x64\jre\17.0.10-win32-x86_64\bin\instrument.dll
0x00007ffebfab0000 - 0x00007ffebfad5000 	c:\Users\Chien Starry\.vscode\extensions\redhat.java-1.30.0-win32-x64\jre\17.0.10-win32-x86_64\bin\java.dll
0x00007ffebfb50000 - 0x00007ffebfb68000 	c:\Users\Chien Starry\.vscode\extensions\redhat.java-1.30.0-win32-x64\jre\17.0.10-win32-x86_64\bin\zip.dll
0x00007ffef13e0000 - 0x00007ffef1c3c000 	C:\WINDOWS\System32\SHELL32.dll
0x00007ffeedd70000 - 0x00007ffeee666000 	C:\WINDOWS\SYSTEM32\windows.storage.dll
0x00007ffeedc30000 - 0x00007ffeedd6e000 	C:\WINDOWS\SYSTEM32\wintypes.dll
0x00007ffef1c40000 - 0x00007ffef1d35000 	C:\WINDOWS\System32\SHCORE.dll
0x00007ffef11e0000 - 0x00007ffef123e000 	C:\WINDOWS\System32\shlwapi.dll
0x00007ffeefa00000 - 0x00007ffeefa21000 	C:\WINDOWS\SYSTEM32\profapi.dll
0x00007ffed4c10000 - 0x00007ffed4c29000 	C:\Users\Chien Starry\.vscode\extensions\redhat.java-1.30.0-win32-x64\jre\17.0.10-win32-x86_64\bin\net.dll
0x00007ffee5fc0000 - 0x00007ffee60f6000 	C:\WINDOWS\SYSTEM32\WINHTTP.dll
0x00007ffeeef20000 - 0x00007ffeeef89000 	C:\WINDOWS\system32\mswsock.dll
0x00007ffebea30000 - 0x00007ffebea46000 	C:\Users\Chien Starry\.vscode\extensions\redhat.java-1.30.0-win32-x64\jre\17.0.10-win32-x86_64\bin\nio.dll
0x00007ffed8aa0000 - 0x00007ffed8ab0000 	c:\Users\Chien Starry\.vscode\extensions\redhat.java-1.30.0-win32-x64\jre\17.0.10-win32-x86_64\bin\verify.dll
0x00007ffeb4390000 - 0x00007ffeb43ce000 	C:\Users\Chien Starry\AppData\Roaming\Code\User\globalStorage\redhat.java\1.30.0\config_win\org.eclipse.equinox.launcher\org.eclipse.equinox.launcher.win32.win32.x86_64_1.2.900.v20240213-1244\eclipse_11900.dll
0x00007ffef0590000 - 0x00007ffef0735000 	C:\WINDOWS\System32\ole32.dll
0x00007ffeef160000 - 0x00007ffeef17b000 	C:\WINDOWS\SYSTEM32\CRYPTSP.dll
0x00007ffeeea10000 - 0x00007ffeeea45000 	C:\WINDOWS\system32\rsaenh.dll
0x00007ffeeefe0000 - 0x00007ffeef008000 	C:\WINDOWS\SYSTEM32\USERENV.dll
0x00007ffeef180000 - 0x00007ffeef18c000 	C:\WINDOWS\SYSTEM32\CRYPTBASE.dll
0x00007ffeed930000 - 0x00007ffeed95d000 	C:\WINDOWS\SYSTEM32\IPHLPAPI.DLL
0x00007ffef1d40000 - 0x00007ffef1d49000 	C:\WINDOWS\System32\NSI.dll
0x00007ffee6150000 - 0x00007ffee6169000 	C:\WINDOWS\SYSTEM32\dhcpcsvc6.DLL
0x00007ffee5eb0000 - 0x00007ffee5ecf000 	C:\WINDOWS\SYSTEM32\dhcpcsvc.DLL
0x00007ffeed960000 - 0x00007ffeeda58000 	C:\WINDOWS\SYSTEM32\DNSAPI.dll
0x00007ffec5910000 - 0x00007ffec5955000 	C:\Users\Chien Starry\AppData\Local\Temp\jna-88177548\jna13058210157149385726.dll

dbghelp: loaded successfully - version: 4.0.5 - missing functions: none
symbol engine: initialized successfully - sym options: 0x614 - pdb path: .;c:\Users\Chien Starry\.vscode\extensions\redhat.java-1.30.0-win32-x64\jre\17.0.10-win32-x86_64\bin;C:\WINDOWS\SYSTEM32;C:\Program Files\Norton Security\NortonData\22.23.1.21\Definitions\IPSDefs\20240523.064;C:\WINDOWS\WinSxS\amd64_microsoft.windows.common-controls_6595b64144ccf1df_6.0.22621.3527_none_270e469b73872a76;c:\Users\Chien Starry\.vscode\extensions\redhat.java-1.30.0-win32-x64\jre\17.0.10-win32-x86_64\bin\server;C:\Users\Chien Starry\AppData\Roaming\Code\User\globalStorage\redhat.java\1.30.0\config_win\org.eclipse.equinox.launcher\org.eclipse.equinox.launcher.win32.win32.x86_64_1.2.900.v20240213-1244;C:\Users\Chien Starry\AppData\Local\Temp\jna-88177548

VM Arguments:
jvm_args: --add-modules=ALL-SYSTEM --add-opens=java.base/java.util=ALL-UNNAMED --add-opens=java.base/java.lang=ALL-UNNAMED --add-opens=java.base/sun.nio.fs=ALL-UNNAMED -Declipse.application=org.eclipse.jdt.ls.core.id1 -Dosgi.bundles.defaultStartLevel=4 -Declipse.product=org.eclipse.jdt.ls.core.product -Djava.import.generatesMetadataFilesAtProjectRoot=false -DDetectVMInstallationsJob.disabled=true -Dfile.encoding=utf8 -XX:+UseParallelGC -XX:GCTimeRatio=4 -XX:AdaptiveSizePolicyWeight=90 -Dsun.zip.disableMemoryMapping=true -Xmx1G -Xms100m -Xlog:disable -javaagent:c:\Users\Chien Starry\.vscode\extensions\redhat.java-1.30.0-win32-x64\lombok\lombok-1.18.32.jar -XX:+HeapDumpOnOutOfMemoryError -XX:HeapDumpPath=c:\Users\Chien Starry\AppData\Roaming\Code\User\workspaceStorage\3d68cbe6e503cbc2e75f6783021575da\redhat.java -Daether.dependencyCollector.impl=bf 
java_command: c:\Users\Chien Starry\.vscode\extensions\redhat.java-1.30.0-win32-x64\server\plugins\org.eclipse.equinox.launcher_1.6.800.v20240330-1250.jar -configuration c:\Users\Chien Starry\AppData\Roaming\Code\User\globalStorage\redhat.java\1.30.0\config_win -data c:\Users\Chien Starry\AppData\Roaming\Code\User\workspaceStorage\3d68cbe6e503cbc2e75f6783021575da\redhat.java\jdt_ws --pipe=\\.\pipe\lsp-61c894128372a9bd752d6470d6c8c760-sock
java_class_path (initial): c:\Users\Chien Starry\.vscode\extensions\redhat.java-1.30.0-win32-x64\server\plugins\org.eclipse.equinox.launcher_1.6.800.v20240330-1250.jar
Launcher Type: SUN_STANDARD

[Global flags]
    uintx AdaptiveSizePolicyWeight                 = 90                                        {product} {command line}
     intx CICompilerCount                          = 4                                         {product} {ergonomic}
    uintx GCTimeRatio                              = 4                                         {product} {command line}
     bool HeapDumpOnOutOfMemoryError               = true                                   {manageable} {command line}
    ccstr HeapDumpPath                             = c:\Users\Chien Starry\AppData\Roaming\Code\User\workspaceStorage\3d68cbe6e503cbc2e75f6783021575da\redhat.java         {manageable} {command line}
   size_t InitialHeapSize                          = 104857600                                 {product} {command line}
   size_t MaxHeapSize                              = 1073741824                                {product} {command line}
   size_t MaxNewSize                               = 357564416                                 {product} {ergonomic}
   size_t MinHeapDeltaBytes                        = 524288                                    {product} {ergonomic}
   size_t MinHeapSize                              = 104857600                                 {product} {command line}
   size_t NewSize                                  = 34603008                                  {product} {ergonomic}
    uintx NonNMethodCodeHeapSize                   = 5839372                                {pd product} {ergonomic}
    uintx NonProfiledCodeHeapSize                  = 122909434                              {pd product} {ergonomic}
   size_t OldSize                                  = 70254592                                  {product} {ergonomic}
    uintx ProfiledCodeHeapSize                     = 122909434                              {pd product} {ergonomic}
    uintx ReservedCodeCacheSize                    = 251658240                              {pd product} {ergonomic}
     bool SegmentedCodeCache                       = true                                      {product} {ergonomic}
   size_t SoftMaxHeapSize                          = 1073741824                             {manageable} {ergonomic}
     bool UseCompressedClassPointers               = true                           {product lp64_product} {ergonomic}
     bool UseCompressedOops                        = true                           {product lp64_product} {ergonomic}
     bool UseLargePagesIndividualAllocation        = false                                  {pd product} {ergonomic}
     bool UseParallelGC                            = true                                      {product} {command line}

Logging:
Log output configuration:
 #0: stdout all=off uptime,level,tags
 #1: stderr all=off uptime,level,tags

Environment Variables:
PATH=C:\Program Files\Google\Chrome\Application;C:\Program Files\Common Files\Oracle\Java\javapath;C:\jdk-11.0.8.10\bin;C:\Windows\system32;C:\Windows;C:\Windows\System32\Wbem;C:\Windows\System32\WindowsPowerShell\v1.0\;C:\Windows\System32\OpenSSH\;C:\Program Files (x86)\NVIDIA Corporation\PhysX\Common;C:\Program Files\Intel\WiFi\bin\;C:\Program Files\Common Files\Intel\WirelessCommon\;C:\WINDOWS\system32;C:\WINDOWS;C:\WINDOWS\System32\Wbem;C:\WINDOWS\System32\WindowsPowerShell\v1.0\;C:\WINDOWS\System32\OpenSSH\;C:\Program Files (x86)\Git\cmd;C:\Program Files\MySQL\MySQL Shell 8.0\bin\;C:\Users\Chien Starry\anaconda3;C:\Users\Chien Starry\anaconda3\Library\mingw-w64\bin;C:\Users\Chien Starry\anaconda3\Library\usr\bin;C:\Users\Chien Starry\anaconda3\Library\bin;C:\Users\Chien Starry\anaconda3\Scripts;C:\Users\Chien Starry\AppData\Local\Microsoft\WindowsApps;C:\Users\Chien Starry\AppData\Local\GitHubDesktop\bin;C:\Users\Chien Starry\AppData\Local\Programs\Microsoft VS Code\bin;
USERNAME=Chien Starry
OS=Windows_NT
PROCESSOR_IDENTIFIER=Intel64 Family 6 Model 142 Stepping 12, GenuineIntel
TMP=C:\Users\CHIENS~1\AppData\Local\Temp
TEMP=C:\Users\CHIENS~1\AppData\Local\Temp



Periodic native trim disabled


---------------  S Y S T E M  ---------------

OS:
 Windows 11 , 64 bit Build 22621 (10.0.22621.3527)
OS uptime: 0 days 23:29 hours
Hyper-V role detected

CPU: total 8 (initial active 8) (4 cores per cpu, 2 threads per core) family 6 model 142 stepping 12 microcode 0xde, cx8, cmov, fxsr, ht, mmx, 3dnowpref, sse, sse2, sse3, ssse3, sse4.1, sse4.2, popcnt, lzcnt, tsc, tscinvbit, avx, avx2, aes, erms, clmul, bmi1, bmi2, adx, fma, vzeroupper, clflush, clflushopt, hv
Processor Information for all 8 processors :
  Max Mhz: 1800, Current Mhz: 1600, Mhz Limit: 1584

Memory: 4k page, system-wide physical 3947M (271M free)
TotalPageFile size 16235M (AvailPageFile size 125M)
current process WorkingSet (physical memory assigned to process): 423M, peak: 497M
current process commit charge ("private bytes"): 523M, peak: 540M

vm_info: OpenJDK 64-Bit Server VM (17.0.10+7) for windows-amd64 JRE (17.0.10+7), built on Jan 16 2024 23:25:11 by "admin" with MS VC++ 16.10 / 16.11 (VS2019)

END.
